<?xml version="1.0" encoding="UTF-8"?>
<testng-results ignored="0" total="11" passed="11" failed="0" skipped="0">
  <reporter-output>
  </reporter-output>
  <suite started-at="2025-08-12T15:43:20 IST" name="Suite" finished-at="2025-08-12T15:44:31 IST" duration-ms="70848">
    <groups>
      <group name="cucumber">
        <method signature="AbstractTestNGCucumberTests.runScenario(io.cucumber.testng.PickleWrapper,io.cucumber.testng.FeatureWrapper)[pri:0, instance:com.orange.hrm.application.testrunner.ApplicationRunner@609cd4d8]" name="runScenario" class="io.cucumber.testng.AbstractTestNGCucumberTests"/>
      </group> <!-- cucumber -->
    </groups>
    <test started-at="2025-08-12T15:43:20 IST" name="Test" finished-at="2025-08-12T15:44:31 IST" duration-ms="70848">
      <class name="com.orange.hrm.application.testrunner.ApplicationRunner">
        <test-method is-config="true" signature="setUpClass(org.testng.ITestContext)[pri:0, instance:com.orange.hrm.application.testrunner.ApplicationRunner@609cd4d8]" started-at="2025-08-12T15:43:20 IST" name="setUpClass" finished-at="2025-08-12T15:43:20 IST" duration-ms="427" status="PASS">
          <params>
            <param index="0">
              <value>
                <![CDATA[org.testng.TestRunner@6b09ce57]]>
              </value>
            </param>
          </params>
          <reporter-output>
          </reporter-output>
        </test-method> <!-- setUpClass -->
        <test-method signature="runCucumberTests()[pri:0, instance:com.orange.hrm.application.testrunner.ApplicationRunner@609cd4d8]" started-at="2025-08-12T15:43:20 IST" name="runCucumberTests" finished-at="2025-08-12T15:43:20 IST" duration-ms="6" status="PASS">
          <reporter-output>
          </reporter-output>
        </test-method> <!-- runCucumberTests -->
        <test-method signature="runScenario(io.cucumber.testng.PickleWrapper,io.cucumber.testng.FeatureWrapper)[pri:0, instance:com.orange.hrm.application.testrunner.ApplicationRunner@609cd4d8]" started-at="2025-08-12T15:43:20 IST" name="runScenario" description="Runs Cucumber Scenarios" data-provider="scenarios" finished-at="2025-08-12T15:43:26 IST" duration-ms="5467" status="PASS">
          <params>
            <param index="0">
              <value>
                <![CDATA["Verify the title of the login page"]]>
              </value>
            </param>
            <param index="1">
              <value>
                <![CDATA["Login Page"]]>
              </value>
            </param>
          </params>
          <reporter-output>
          </reporter-output>
        </test-method> <!-- runScenario -->
        <test-method signature="runScenario(io.cucumber.testng.PickleWrapper,io.cucumber.testng.FeatureWrapper)[pri:0, instance:com.orange.hrm.application.testrunner.ApplicationRunner@609cd4d8]" started-at="2025-08-12T15:43:26 IST" name="runScenario" description="Runs Cucumber Scenarios" data-provider="scenarios" finished-at="2025-08-12T15:43:32 IST" duration-ms="6515" status="PASS">
          <params>
            <param index="0">
              <value>
                <![CDATA["Verify the title of the login page logo"]]>
              </value>
            </param>
            <param index="1">
              <value>
                <![CDATA["Login Page"]]>
              </value>
            </param>
          </params>
          <reporter-output>
          </reporter-output>
        </test-method> <!-- runScenario -->
        <test-method signature="runScenario(io.cucumber.testng.PickleWrapper,io.cucumber.testng.FeatureWrapper)[pri:0, instance:com.orange.hrm.application.testrunner.ApplicationRunner@609cd4d8]" started-at="2025-08-12T15:43:32 IST" name="runScenario" description="Runs Cucumber Scenarios" data-provider="scenarios" finished-at="2025-08-12T15:43:38 IST" duration-ms="5489" status="PASS">
          <params>
            <param index="0">
              <value>
                <![CDATA["Verify the presence of "Login" header"]]>
              </value>
            </param>
            <param index="1">
              <value>
                <![CDATA["Login Page"]]>
              </value>
            </param>
          </params>
          <reporter-output>
          </reporter-output>
        </test-method> <!-- runScenario -->
        <test-method signature="runScenario(io.cucumber.testng.PickleWrapper,io.cucumber.testng.FeatureWrapper)[pri:0, instance:com.orange.hrm.application.testrunner.ApplicationRunner@609cd4d8]" started-at="2025-08-12T15:43:38 IST" name="runScenario" description="Runs Cucumber Scenarios" data-provider="scenarios" finished-at="2025-08-12T15:43:45 IST" duration-ms="7276" status="PASS">
          <params>
            <param index="0">
              <value>
                <![CDATA["Verify the presence of username and password fields"]]>
              </value>
            </param>
            <param index="1">
              <value>
                <![CDATA["Login Page"]]>
              </value>
            </param>
          </params>
          <reporter-output>
          </reporter-output>
        </test-method> <!-- runScenario -->
        <test-method signature="runScenario(io.cucumber.testng.PickleWrapper,io.cucumber.testng.FeatureWrapper)[pri:0, instance:com.orange.hrm.application.testrunner.ApplicationRunner@609cd4d8]" started-at="2025-08-12T15:43:45 IST" name="runScenario" description="Runs Cucumber Scenarios" data-provider="scenarios" finished-at="2025-08-12T15:43:50 IST" duration-ms="4524" status="PASS">
          <params>
            <param index="0">
              <value>
                <![CDATA["Verify the presence of login button"]]>
              </value>
            </param>
            <param index="1">
              <value>
                <![CDATA["Login Page"]]>
              </value>
            </param>
          </params>
          <reporter-output>
          </reporter-output>
        </test-method> <!-- runScenario -->
        <test-method signature="runScenario(io.cucumber.testng.PickleWrapper,io.cucumber.testng.FeatureWrapper)[pri:0, instance:com.orange.hrm.application.testrunner.ApplicationRunner@609cd4d8]" started-at="2025-08-12T15:43:50 IST" name="runScenario" description="Runs Cucumber Scenarios" data-provider="scenarios" finished-at="2025-08-12T15:43:56 IST" duration-ms="6645" status="PASS">
          <params>
            <param index="0">
              <value>
                <![CDATA["Verify the presence of "Forgot your password?" link"]]>
              </value>
            </param>
            <param index="1">
              <value>
                <![CDATA["Login Page"]]>
              </value>
            </param>
          </params>
          <reporter-output>
          </reporter-output>
        </test-method> <!-- runScenario -->
        <test-method signature="runScenario(io.cucumber.testng.PickleWrapper,io.cucumber.testng.FeatureWrapper)[pri:0, instance:com.orange.hrm.application.testrunner.ApplicationRunner@609cd4d8]" started-at="2025-08-12T15:43:56 IST" name="runScenario" description="Runs Cucumber Scenarios" data-provider="scenarios" finished-at="2025-08-12T15:44:03 IST" duration-ms="7247" status="PASS">
          <params>
            <param index="0">
              <value>
                <![CDATA["Verify copyright text on loginpage"]]>
              </value>
            </param>
            <param index="1">
              <value>
                <![CDATA["Login Page"]]>
              </value>
            </param>
          </params>
          <reporter-output>
          </reporter-output>
        </test-method> <!-- runScenario -->
        <test-method signature="runScenario(io.cucumber.testng.PickleWrapper,io.cucumber.testng.FeatureWrapper)[pri:0, instance:com.orange.hrm.application.testrunner.ApplicationRunner@609cd4d8]" started-at="2025-08-12T15:44:03 IST" name="runScenario" description="Runs Cucumber Scenarios" data-provider="scenarios" finished-at="2025-08-12T15:44:13 IST" duration-ms="9740" status="PASS">
          <params>
            <param index="0">
              <value>
                <![CDATA["Verify the login functionality with valid credentials"]]>
              </value>
            </param>
            <param index="1">
              <value>
                <![CDATA["Login Page"]]>
              </value>
            </param>
          </params>
          <reporter-output>
          </reporter-output>
        </test-method> <!-- runScenario -->
        <test-method signature="runScenario(io.cucumber.testng.PickleWrapper,io.cucumber.testng.FeatureWrapper)[pri:0, instance:com.orange.hrm.application.testrunner.ApplicationRunner@609cd4d8]" started-at="2025-08-12T15:44:13 IST" name="runScenario" description="Runs Cucumber Scenarios" data-provider="scenarios" finished-at="2025-08-12T15:44:20 IST" duration-ms="6748" status="PASS">
          <params>
            <param index="0">
              <value>
                <![CDATA["Verify the login functionality with invalid credentials"]]>
              </value>
            </param>
            <param index="1">
              <value>
                <![CDATA["Login Page"]]>
              </value>
            </param>
          </params>
          <reporter-output>
          </reporter-output>
        </test-method> <!-- runScenario -->
        <test-method signature="runScenario(io.cucumber.testng.PickleWrapper,io.cucumber.testng.FeatureWrapper)[pri:0, instance:com.orange.hrm.application.testrunner.ApplicationRunner@609cd4d8]" started-at="2025-08-12T15:44:20 IST" name="runScenario" description="Runs Cucumber Scenarios" data-provider="scenarios" finished-at="2025-08-12T15:44:28 IST" duration-ms="8138" status="PASS">
          <params>
            <param index="0">
              <value>
                <![CDATA["Verify home Page"]]>
              </value>
            </param>
            <param index="1">
              <value>
                <![CDATA["Login Page"]]>
              </value>
            </param>
          </params>
          <reporter-output>
          </reporter-output>
        </test-method> <!-- runScenario -->
        <test-method is-config="true" signature="tearDownClass()[pri:0, instance:com.orange.hrm.application.testrunner.ApplicationRunner@609cd4d8]" started-at="2025-08-12T15:44:28 IST" name="tearDownClass" finished-at="2025-08-12T15:44:31 IST" duration-ms="2569" status="PASS">
          <reporter-output>
          </reporter-output>
        </test-method> <!-- tearDownClass -->
      </class> <!-- com.orange.hrm.application.testrunner.ApplicationRunner -->
    </test> <!-- Test -->
  </suite> <!-- Suite -->
</testng-results>
